SWM: Date/Time:03.01.19 19:00:13.755  Source :1 Destination :15 API :4 Opcode:15 Payload:04-2F-22-0B-00-00
SWM: Date/Time:03.01.19 19:00:13.765  Source :1 Destination :15 API :4 Opcode:15 Payload:04-2F-22-0B-00-00
SWM: Date/Time:03.01.19 19:00:13.805  Source :1 Destination :15 API :4 Opcode:15 Payload:04-2F-28-01-00-0D
SWM: Date/Time:03.01.19 19:00:13.815  Source :1 Destination :15 API :4 Opcode:15 Payload:04-2F-22-0B-00-00
SWM: Date/Time:03.01.19 19:00:13.865  Source :1 Destination :15 API :4 Opcode:15 Payload:04-2F-22-0B-00-00
SWM: Date/Time:03.01.19 19:00:13.865  Source :1 Destination :15 API :4 Opcode:15 Payload:04-2F-22-0B-00-00
SWM: Date/Time:03.01.19 19:00:13.895  Source :1 Destination :15 API :4 Opcode:15 Payload:04-2F-22-0B-00-00
SWM: Date/Time:03.01.19 19:00:13.925  Source :1 Destination :15 API :4 Opcode:15 Payload:04-2F-28-01-00-0D
SWM: Date/Time:03.01.19 19:00:13.945  Source :1 Destination :15 API :4 Opcode:15 Payload:04-2F-22-0B-00-00
SWM: Date/Time:03.01.19 19:00:13.975  Source :1 Destination :15 API :4 Opcode:15 Payload:04-2F-22-0B-00-00
SWM: Date/Time:03.01.19 19:00:13.995  Source :1 Destination :15 API :4 Opcode:15 Payload:04-2F-28-01-00-0D
SWM: Date/Time:03.01.19 19:00:14.025  Source :1 Destination :15 API :4 Opcode:15 Payload:04-2F-22-0B-00-00
SWM: Date/Time:03.01.19 19:00:14.035  Source :1 Destination :15 API :4 Opcode:15 Payload:04-2F-22-0B-00-00
SWM: Date/Time:03.01.19 19:00:14.075  Source :1 Destination :15 API :4 Opcode:15 Payload:04-2F-28-01-00-0D
SWM: Date/Time:03.01.19 19:00:14.105  Source :1 Destination :15 API :4 Opcode:15 Payload:04-2F-22-0B-00-00
SWM: Date/Time:03.01.19 19:00:14.115  Source :1 Destination :15 API :4 Opcode:15 Payload:04-2F-22-0B-00-00
SWM: Date/Time:03.01.19 19:00:14.155  Source :1 Destination :15 API :4 Opcode:15 Payload:04-2F-28-01-00-0D
SWM: Date/Time:03.01.19 19:00:14.165  Source :1 Destination :15 API :4 Opcode:15 Payload:04-2F-22-0B-00-00
SWM: Date/Time:03.01.19 19:00:14.205  Source :1 Destination :15 API :4 Opcode:15 Payload:04-2F-22-0B-00-00
SWM: Date/Time:03.01.19 19:00:14.215  Source :1 Destination :15 API :4 Opcode:15 Payload:04-2F-28-01-00-0D
SWM: Date/Time:03.01.19 19:00:14.245  Source :1 Destination :15 API :4 Opcode:15 Payload:04-2F-22-0B-00-00
SWM: Date/Time:03.01.19 19:00:14.265  Source :1 Destination :15 API :4 Opcode:15 Payload:04-2F-22-0B-00-00
SWM: Date/Time:03.01.19 19:00:14.295  Source :1 Destination :15 API :4 Opcode:15 Payload:04-2F-28-01-00-0D
SWM: Date/Time:03.01.19 19:00:14.365  Source :1 Destination :15 API :4 Opcode:15 Payload:04-2F-22-0B-00-00
SWM: Date/Time:03.01.19 19:00:14.365  Source :1 Destination :15 API :4 Opcode:15 Payload:04-2F-22-0B-00-00
SWM: Date/Time:03.01.19 19:00:14.375  Source :1 Destination :15 API :4 Opcode:15 Payload:04-2F-28-01-00-0D
SWM: Date/Time:03.01.19 19:00:14.425  Source :1 Destination :15 API :4 Opcode:15 Payload:04-2F-22-0B-00-00
SWM: Date/Time:03.01.19 19:00:14.445  Source :1 Destination :15 API :4 Opcode:15 Payload:04-2F-22-0B-00-00
SWM: Date/Time:03.01.19 19:00:14.475  Source :1 Destination :15 API :4 Opcode:15 Payload:04-2F-28-01-00-0D
SWM: Date/Time:03.01.19 19:00:14.525  Source :1 Destination :15 API :4 Opcode:15 Payload:04-2F-22-0B-00-00
SWM: Date/Time:03.01.19 19:00:14.555  Source :1 Destination :15 API :4 Opcode:15 Payload:04-2F-22-0B-00-00
SWM: Date/Time:03.01.19 19:00:14.565  Source :1 Destination :15 API :4 Opcode:15 Payload:04-2F-28-01-00-0D
SWM: Date/Time:03.01.19 19:00:14.615  Source :1 Destination :15 API :4 Opcode:15 Payload:04-2F-22-0B-00-00
SWM: Date/Time:03.01.19 19:00:14.645  Source :1 Destination :15 API :4 Opcode:15 Payload:04-2F-22-0B-00-00
SWM: Date/Time:03.01.19 19:00:14.685  Source :1 Destination :15 API :4 Opcode:15 Payload:04-2F-28-01-00-0D
SWM: Date/Time:03.01.19 19:00:14.725  Source :1 Destination :15 API :4 Opcode:15 Payload:04-2F-22-0B-00-00
SWM: Date/Time:03.01.19 19:00:14.745  Source :1 Destination :15 API :4 Opcode:15 Payload:04-2F-22-0B-00-00
SWM: Date/Time:03.01.19 19:00:14.775  Source :1 Destination :15 API :4 Opcode:15 Payload:04-2F-28-01-00-0D
SWM: Date/Time:03.01.19 19:00:14.805  Source :6 Destination :1 API :10 Opcode:20 Payload:0A-14
SWM: Date/Time:03.01.19 19:00:14.825  Source :1 Destination :6 API :1 Opcode:1 Payload:01-21-00-0A-14
SWM: Date/Time:03.01.19 19:00:14.845  Source :1 Destination :6 API :10 Opcode:21 Payload:0A-35-59-14-00
SWM: Date/Time:03.01.19 19:00:14.845  Source :1 Destination :15 API :4 Opcode:15 Payload:04-2F-22-0B-00-00
SWM: Date/Time:03.01.19 19:00:14.875  Source :1 Destination :15 API :4 Opcode:15 Payload:04-2F-22-0B-00-00
SWM: Date/Time:03.01.19 19:00:14.905  Source :1 Destination :15 API :4 Opcode:15 Payload:04-2F-28-01-00-0D
SWM: Date/Time:03.01.19 19:00:14.905  Source :6 Destination :1 API :10 Opcode:11 Payload:0A-0B-FF
SWM: Date/Time:03.01.19 19:00:14.925  Source :1 Destination :6 API :1 Opcode:1 Payload:01-21-00-0A-0B
SWM: Date/Time:03.01.19 19:00:14.945  Source :1 Destination :15 API :4 Opcode:15 Payload:04-2F-22-0B-00-00
SWM: Date/Time:03.01.19 19:00:14.945  Source :1 Destination :15 API :4 Opcode:15 Payload:04-2F-22-0B-00-00
SWM: Date/Time:03.01.19 19:00:14.975  Source :1 Destination :15 API :4 Opcode:15 Payload:04-2F-28-01-00-0D
SWM: Date/Time:03.01.19 19:00:15.015  Source :1 Destination :15 API :4 Opcode:15 Payload:04-2F-22-0B-00-00
SWM: Date/Time:03.01.19 19:00:15.035  Source :6 Destination :1 API :10 Opcode:10 Payload:0A-0A-5A-14-00-00-0A-18
SWM: Date/Time:03.01.19 19:00:15.045  Source :1 Destination :15 API :4 Opcode:15 Payload:04-2F-22-0B-00-00
SWM: Date/Time:03.01.19 19:00:15.065  Source :1 Destination :6 API :1 Opcode:1 Payload:01-21-00-0A-0A
SWM: Date/Time:03.01.19 19:00:15.085  Source :1 Destination :15 API :4 Opcode:15 Payload:04-2F-28-01-00-0D
SWM: Date/Time:03.01.19 19:00:15.125  Source :1 Destination :15 API :4 Opcode:15 Payload:04-2F-22-0B-00-00
SWM: Date/Time:03.01.19 19:00:15.145  Source :1 Destination :15 API :4 Opcode:15 Payload:04-2F-22-0B-00-00
SWM: Date/Time:03.01.19 19:00:15.175  Source :1 Destination :15 API :4 Opcode:15 Payload:04-2F-28-01-00-0D
SWM: Date/Time:03.01.19 19:00:15.205  Source :6 Destination :1 API :10 Opcode:8 Payload:0A-08-5A
SWM: Date/Time:03.01.19 19:00:15.225  Source :1 Destination :6 API :1 Opcode:1 Payload:01-21-00-0A-08
SWM: Date/Time:03.01.19 19:00:15.245  Source :1 Destination :15 API :4 Opcode:15 Payload:04-2F-22-0B-00-00
SWM: Date/Time:03.01.19 19:00:15.285  Source :1 Destination :15 API :4 Opcode:15 Payload:04-2F-22-0B-00-00
SWM: Date/Time:03.01.19 19:00:15.305  Source :1 Destination :15 API :4 Opcode:15 Payload:04-2F-28-01-00-0D
SWM: Date/Time:03.01.19 19:00:15.815  Source :6 Destination :1 API :10 Opcode:9 Payload:0A-09-00-03-E8
SWM: Date/Time:03.01.19 19:00:15.995  Source :1 Destination :6 API :1 Opcode:1 Payload:01-21-00-0A-09
SWM: Date/Time:03.01.19 19:00:16.395  Source :6 Destination :1 API :10 Opcode:3 Payload:0A-03-01
SWM: Date/Time:03.01.19 19:00:16.405  Source :1 Destination :6 API :1 Opcode:1 Payload:01-21-00-0A-03
SWM: Date/Time:03.01.19 19:00:16.445  Source :1 Destination :15 API :10 Opcode:4 Payload:0A-24-00-00-00-5A-DA-CC-54-41-D3-CC-BC-41-2D-33-07-42-26-33-2D-42-C0-CC-56-42
SWM: Date/Time:03.01.19 19:00:16.455  Source :1 Destination :15 API :10 Opcode:4 Payload:0A-24-FF-FF-C6
SWM: Date/Time:03.01.19 19:00:17.305  Source :1 Destination :15 API :4 Opcode:15 Payload:04-2F-22-0B-00-00
SWM: Date/Time:03.01.19 19:00:17.325  Source :1 Destination :15 API :10 Opcode:4 Payload:0A-24-00-00-01-5A-AA-99-61-41-3B-33-C3-41-5D-66-0A-42-56-66-30-42-F0-FF-59-42
SWM: Date/Time:03.01.19 19:00:17.335  Source :1 Destination :15 API :10 Opcode:4 Payload:0A-24-FF-FF-79
SWM: Date/Time:03.01.19 19:00:18.295  Source :1 Destination :15 API :1 Opcode:2 Payload:01-22
SWM: Date/Time:03.01.19 19:00:18.365  Source :1 Destination :15 API :10 Opcode:4 Payload:0A-24-00-00-02-5A-AE-99-71-41-3D-33-CB-41-59-66-0E-42-52-66-34-42-EC-FF-5D-42
SWM: Date/Time:03.01.19 19:00:18.365  Source :1 Destination :15 API :10 Opcode:4 Payload:0A-24-FF-FF-98
SWM: Date/Time:03.01.19 19:00:19.305  Source :1 Destination :15 API :4 Opcode:15 Payload:04-2F-22-0B-00-00
SWM: Date/Time:03.01.19 19:00:19.325  Source :1 Destination :15 API :10 Opcode:4 Payload:0A-24-00-00-03-5A-D9-CC-80-41-3F-33-D3-41-55-66-12-42-4E-66-38-42-E8-FF-61-42
SWM: Date/Time:03.01.19 19:00:19.335  Source :1 Destination :15 API :10 Opcode:4 Payload:0A-24-FF-FF-10
SWM: Date/Time:03.01.19 19:00:20.315  Source :1 Destination :15 API :10 Opcode:4 Payload:0A-24-00-00-04-5A-DB-CC-88-41-41-33-DB-41-51-66-16-42-4A-66-3C-42-E4-FF-65-42
SWM: Date/Time:03.01.19 19:00:20.335  Source :1 Destination :15 API :10 Opcode:4 Payload:0A-24-FF-FF-25
SWM: Date/Time:03.01.19 19:00:21.305  Source :1 Destination :15 API :4 Opcode:15 Payload:04-2F-22-0B-00-00
SWM: Date/Time:03.01.19 19:00:21.335  Source :1 Destination :15 API :10 Opcode:4 Payload:0A-24-00-00-05-5A-DD-CC-90-41-43-33-E3-41-4D-66-1A-42-46-66-40-42-E0-FF-69-42
SWM: Date/Time:03.01.19 19:00:21.335  Source :1 Destination :15 API :10 Opcode:4 Payload:0A-24-FF-FF-3A
SWM: Date/Time:03.01.19 19:00:22.325  Source :1 Destination :15 API :10 Opcode:4 Payload:0A-24-00-00-06-5A-DF-CC-98-41-45-33-EB-41-49-66-1E-42-42-66-44-42-DC-FF-6D-42
SWM: Date/Time:03.01.19 19:00:22.335  Source :1 Destination :15 API :10 Opcode:4 Payload:0A-24-FF-FF-4F
SWM: Date/Time:03.01.19 19:00:23.315  Source :1 Destination :15 API :4 Opcode:15 Payload:04-2F-28-01-00-0D
SWM: Date/Time:03.01.19 19:00:23.315  Source :1 Destination :15 API :1 Opcode:2 Payload:01-22
SWM: Date/Time:03.01.19 19:00:23.335  Source :1 Destination :15 API :10 Opcode:4 Payload:0A-24-00-00-07-5A-E1-CC-A0-41-47-33-F3-41-45-66-22-42-3E-66-48-42-D8-FF-71-42
SWM: Date/Time:03.01.19 19:00:23.345  Source :1 Destination :15 API :10 Opcode:4 Payload:0A-24-FF-FF-64
SWM: Date/Time:03.01.19 19:00:24.325  Source :1 Destination :15 API :10 Opcode:4 Payload:0A-24-00-00-08-5A-E3-CC-A8-41-49-33-FB-41-41-66-26-42-3A-66-4C-42-D4-FF-75-42
SWM: Date/Time:03.01.19 19:00:24.345  Source :1 Destination :15 API :10 Opcode:4 Payload:0A-24-FF-FF-79
SWM: Date/Time:03.01.19 19:00:25.315  Source :1 Destination :15 API :4 Opcode:15 Payload:04-2F-22-0B-00-00
SWM: Date/Time:03.01.19 19:00:25.335  Source :1 Destination :15 API :10 Opcode:4 Payload:0A-24-00-00-09-5A-E5-CC-B0-41-A3-99-01-42-3D-66-2A-42-36-66-50-42-D0-FF-79-42
SWM: Date/Time:03.01.19 19:00:25.345  Source :1 Destination :15 API :10 Opcode:4 Payload:0A-24-FF-FF-4B
SWM: Date/Time:03.01.19 19:00:26.325  Source :1 Destination :15 API :10 Opcode:4 Payload:0A-24-00-00-0A-5A-E7-CC-B8-41-9F-99-05-42-39-66-2E-42-32-66-54-42-CC-FF-7D-42
SWM: Date/Time:03.01.19 19:00:26.345  Source :1 Destination :15 API :10 Opcode:4 Payload:0A-24-FF-FF-56
SWM: Date/Time:03.01.19 19:00:27.315  Source :1 Destination :15 API :4 Opcode:15 Payload:04-2F-22-0B-00-00
SWM: Date/Time:03.01.19 19:00:27.335  Source :1 Destination :15 API :10 Opcode:4 Payload:0A-24-00-00-0B-5A-E9-CC-C0-41-9B-99-09-42-35-66-32-42-2E-66-58-42-E4-FF-80-42
SWM: Date/Time:03.01.19 19:00:27.345  Source :1 Destination :15 API :10 Opcode:4 Payload:0A-24-FF-FF-7C
SWM: Date/Time:03.01.19 19:00:28.307  Source :1 Destination :15 API :1 Opcode:2 Payload:01-22
SWM: Date/Time:03.01.19 19:00:28.337  Source :1 Destination :15 API :10 Opcode:4 Payload:0A-24-00-00-0C-5A-EB-CC-C8-41-97-99-0D-42-31-66-36-42-2A-66-5C-42-E2-FF-82-42
SWM: Date/Time:03.01.19 19:00:28.337  Source :1 Destination :15 API :10 Opcode:4 Payload:0A-24-FF-FF-87
SWM: Date/Time:03.01.19 19:00:29.317  Source :1 Destination :15 API :4 Opcode:15 Payload:04-2F-22-0B-00-00
SWM: Date/Time:03.01.19 19:00:29.337  Source :1 Destination :15 API :10 Opcode:4 Payload:0A-24-00-00-0D-5A-ED-CC-D0-41-93-99-11-42-2D-66-3A-42-26-66-60-42-E0-FF-84-42
SWM: Date/Time:03.01.19 19:00:29.347  Source :1 Destination :15 API :10 Opcode:4 Payload:0A-24-FF-FF-92
SWM: Date/Time:03.01.19 19:00:30.327  Source :1 Destination :15 API :10 Opcode:4 Payload:0A-24-00-00-0E-5A-EF-CC-D8-41-8F-99-15-42-29-66-3E-42-22-66-64-42-DE-FF-86-42
SWM: Date/Time:03.01.19 19:00:30.337  Source :1 Destination :15 API :10 Opcode:4 Payload:0A-24-FF-FF-9D
SWM: Date/Time:03.01.19 19:00:31.317  Source :1 Destination :15 API :4 Opcode:15 Payload:04-2F-28-01-00-0D
SWM: Date/Time:03.01.19 19:00:31.337  Source :1 Destination :15 API :10 Opcode:4 Payload:0A-24-00-00-0F-5A-F1-CC-E0-41-8B-99-19-42-25-66-42-42-1E-66-68-42-DC-FF-88-42
SWM: Date/Time:03.01.19 19:00:31.347  Source :1 Destination :15 API :10 Opcode:4 Payload:0A-24-FF-FF-A8
SWM: Date/Time:03.01.19 19:00:32.387  Source :1 Destination :15 API :10 Opcode:4 Payload:0A-24-00-00-10-5A-F3-CC-E8-41-87-99-1D-42-21-66-46-42-1A-66-6C-42-DA-FF-8A-42
SWM: Date/Time:03.01.19 19:00:32.387  Source :1 Destination :15 API :10 Opcode:4 Payload:0A-24-FF-FF-B3
SWM: Date/Time:03.01.19 19:00:33.327  Source :1 Destination :15 API :4 Opcode:15 Payload:04-2F-22-0B-00-00
SWM: Date/Time:03.01.19 19:00:33.327  Source :1 Destination :15 API :1 Opcode:2 Payload:01-22
SWM: Date/Time:03.01.19 19:00:33.347  Source :1 Destination :15 API :10 Opcode:4 Payload:0A-24-00-00-11-5A-F5-CC-F0-41-83-99-21-42-1D-66-4A-42-16-66-70-42-D8-FF-8C-42
SWM: Date/Time:03.01.19 19:00:33.357  Source :1 Destination :15 API :10 Opcode:4 Payload:0A-24-FF-FF-BE
SWM: Date/Time:03.01.19 19:00:34.337  Source :1 Destination :15 API :10 Opcode:4 Payload:0A-24-00-00-12-5A-F7-CC-F8-41-7F-99-25-42-19-66-4E-42-12-66-74-42-D6-FF-8E-42
SWM: Date/Time:03.01.19 19:00:34.357  Source :1 Destination :15 API :10 Opcode:4 Payload:0A-24-FF-FF-C9
SWM: Date/Time:03.01.19 19:00:35.327  Source :1 Destination :15 API :4 Opcode:15 Payload:04-2F-22-0B-00-00
SWM: Date/Time:03.01.19 19:00:35.347  Source :1 Destination :15 API :10 Opcode:4 Payload:0A-24-00-00-13-5A-7C-66-00-42-7B-99-29-42-15-66-52-42-0E-66-78-42-D4-FF-90-42
SWM: Date/Time:03.01.19 19:00:35.357  Source :1 Destination :15 API :10 Opcode:4 Payload:0A-24-FF-FF-F2
SWM: Date/Time:03.01.19 19:00:36.337  Source :1 Destination :15 API :10 Opcode:4 Payload:0A-24-00-00-14-5A-78-66-04-42-77-99-2D-42-11-66-56-42-0A-66-7C-42-D2-FF-92-42
SWM: Date/Time:03.01.19 19:00:36.357  Source :1 Destination :15 API :10 Opcode:4 Payload:0A-24-FF-FF-F3
SWM: Date/Time:03.01.19 19:00:37.331  Source :1 Destination :15 API :4 Opcode:15 Payload:04-2F-22-0B-00-00
SWM: Date/Time:03.01.19 19:00:37.351  Source :1 Destination :15 API :10 Opcode:4 Payload:0A-24-00-00-15-5A-74-66-08-42-73-99-31-42-0D-66-5A-42-03-33-80-42-D0-FF-94-42
SWM: Date/Time:03.01.19 19:00:37.361  Source :1 Destination :15 API :10 Opcode:4 Payload:0A-24-FF-FF-BE
SWM: Date/Time:03.01.19 19:00:38.321  Source :1 Destination :15 API :1 Opcode:2 Payload:01-22
SWM: Date/Time:03.01.19 19:00:38.341  Source :1 Destination :15 API :10 Opcode:4 Payload:0A-24-00-00-16-5A-70-66-0C-42-6F-99-35-42-09-66-5E-42-01-33-82-42-CE-FF-96-42
SWM: Date/Time:03.01.19 19:00:38.351  Source :1 Destination :15 API :10 Opcode:4 Payload:0A-24-FF-FF-BF
SWM: Date/Time:03.01.19 19:00:39.331  Source :1 Destination :15 API :4 Opcode:15 Payload:04-2F-22-0B-00-00
SWM: Date/Time:03.01.19 19:00:39.351  Source :1 Destination :15 API :10 Opcode:4 Payload:0A-24-00-00-17-5A-6C-66-10-42-6B-99-39-42-05-66-62-42-FF-32-84-42-CC-FF-98-42
SWM: Date/Time:03.01.19 19:00:39.361  Source :1 Destination :15 API :10 Opcode:4 Payload:0A-24-FF-FF-BF
SWM: Date/Time:03.01.19 19:00:40.341  Source :1 Destination :15 API :10 Opcode:4 Payload:0A-24-00-00-18-5A-68-66-14-42-67-99-3D-42-01-66-66-42-FD-32-86-42-CA-FF-9A-42
SWM: Date/Time:03.01.19 19:00:40.351  Source :1 Destination :15 API :10 Opcode:4 Payload:0A-24-FF-FF-C0
SWM: Date/Time:03.01.19 19:00:41.331  Source :1 Destination :15 API :4 Opcode:15 Payload:04-2F-22-0B-00-00
SWM: Date/Time:03.01.19 19:00:41.351  Source :1 Destination :15 API :10 Opcode:4 Payload:0A-24-00-00-19-5A-64-66-18-42-63-99-41-42-FD-65-6A-42-FB-32-88-42-C8-FF-9C-42
SWM: Date/Time:03.01.19 19:00:41.361  Source :1 Destination :15 API :10 Opcode:4 Payload:0A-24-FF-FF-C0
SWM: Date/Time:03.01.19 19:00:42.351  Source :1 Destination :15 API :10 Opcode:4 Payload:0A-24-00-00-1A-5A-60-66-1C-42-5F-99-45-42-F9-65-6E-42-F9-32-8A-42-C6-FF-9E-42
SWM: Date/Time:03.01.19 19:00:42.371  Source :1 Destination :15 API :10 Opcode:4 Payload:0A-24-FF-FF-C1
SWM: Date/Time:03.01.19 19:00:43.341  Source :1 Destination :15 API :4 Opcode:15 Payload:04-2F-22-0B-00-00
SWM: Date/Time:03.01.19 19:00:43.341  Source :1 Destination :15 API :1 Opcode:2 Payload:01-22
SWM: Date/Time:03.01.19 19:00:43.361  Source :1 Destination :15 API :10 Opcode:4 Payload:0A-24-00-00-1B-5A-5C-66-20-42-5B-99-49-42-F5-65-72-42-F7-32-8C-42-C4-FF-A0-42
SWM: Date/Time:03.01.19 19:00:43.371  Source :1 Destination :15 API :10 Opcode:4 Payload:0A-24-FF-FF-C2
SWM: Date/Time:03.01.19 19:00:44.351  Source :1 Destination :15 API :10 Opcode:4 Payload:0A-24-00-00-1C-5A-58-66-24-42-57-99-4D-42-F1-65-76-42-F5-32-8E-42-C2-FF-A2-42
SWM: Date/Time:03.01.19 19:00:44.371  Source :1 Destination :15 API :10 Opcode:4 Payload:0A-24-FF-FF-C3
SWM: Date/Time:03.01.19 19:00:45.343  Source :1 Destination :15 API :4 Opcode:15 Payload:04-2F-22-0B-00-00
SWM: Date/Time:03.01.19 19:00:45.363  Source :1 Destination :15 API :10 Opcode:4 Payload:0A-24-00-00-1D-5A-54-66-28-42-53-99-51-42-ED-65-7A-42-F3-32-90-42-C0-FF-A4-42
SWM: Date/Time:03.01.19 19:00:45.373  Source :1 Destination :15 API :10 Opcode:4 Payload:0A-24-FF-FF-C4
SWM: Date/Time:03.01.19 19:00:46.403  Source :1 Destination :15 API :10 Opcode:4 Payload:0A-24-00-00-1E-5A-50-66-2C-42-4F-99-55-42-E9-65-7E-42-F1-32-92-42-BE-FF-A6-42
SWM: Date/Time:03.01.19 19:00:46.403  Source :1 Destination :15 API :10 Opcode:4 Payload:0A-24-FF-FF-C5
SWM: Date/Time:03.01.19 19:00:47.343  Source :1 Destination :15 API :4 Opcode:15 Payload:04-2F-22-0B-00-00
SWM: Date/Time:03.01.19 19:00:47.363  Source :1 Destination :15 API :10 Opcode:4 Payload:0A-24-00-00-1F-5A-4C-66-30-42-4B-99-59-42-F3-32-81-42-EF-32-94-42-BC-FF-A8-42
SWM: Date/Time:03.01.19 19:00:47.373  Source :1 Destination :15 API :10 Opcode:4 Payload:0A-24-FF-FF-A0
SWM: Date/Time:03.01.19 19:00:48.333  Source :1 Destination :15 API :1 Opcode:2 Payload:01-22
SWM: Date/Time:03.01.19 19:00:48.353  Source :1 Destination :15 API :10 Opcode:4 Payload:0A-24-00-00-20-5A-48-66-34-42-47-99-5D-42-F1-32-83-42-ED-32-96-42-BA-FF-AA-42
SWM: Date/Time:03.01.19 19:00:48.373  Source :1 Destination :15 API :10 Opcode:4 Payload:0A-24-FF-FF-A1
SWM: Date/Time:03.01.19 19:00:49.343  Source :1 Destination :15 API :4 Opcode:15 Payload:04-2F-22-0B-00-00
SWM: Date/Time:03.01.19 19:00:49.363  Source :1 Destination :15 API :10 Opcode:4 Payload:0A-24-00-00-21-5A-44-66-38-42-43-99-61-42-EF-32-85-42-EB-32-98-42-B8-FF-AC-42
SWM: Date/Time:03.01.19 19:00:49.373  Source :1 Destination :15 API :10 Opcode:4 Payload:0A-24-FF-FF-A2
SWM: Date/Time:03.01.19 19:00:50.353  Source :1 Destination :15 API :10 Opcode:4 Payload:0A-24-00-00-22-5A-40-66-3C-42-3F-99-65-42-ED-32-87-42-E9-32-9A-42-B6-FF-AE-42
SWM: Date/Time:03.01.19 19:00:50.373  Source :1 Destination :15 API :10 Opcode:4 Payload:0A-24-FF-FF-A3
SWM: Date/Time:03.01.19 19:00:51.343  Source :1 Destination :15 API :4 Opcode:15 Payload:04-2F-22-0B-00-00
SWM: Date/Time:03.01.19 19:00:51.363  Source :1 Destination :15 API :10 Opcode:4 Payload:0A-24-00-00-23-5A-3C-66-40-42-3B-99-69-42-EB-32-89-42-E7-32-9C-42-B4-FF-B0-42
SWM: Date/Time:03.01.19 19:00:51.373  Source :1 Destination :15 API :10 Opcode:4 Payload:0A-24-FF-FF-A4
SWM: Date/Time:03.01.19 19:00:52.353  Source :1 Destination :15 API :10 Opcode:4 Payload:0A-24-00-00-24-5A-38-66-44-42-37-99-6D-42-E9-32-8B-42-E5-32-9E-42-B2-FF-B2-42
SWM: Date/Time:03.01.19 19:00:52.383  Source :1 Destination :15 API :10 Opcode:4 Payload:0A-24-FF-FF-A5
SWM: Date/Time:03.01.19 19:00:53.343  Source :1 Destination :15 API :4 Opcode:15 Payload:04-2F-22-0B-00-00
SWM: Date/Time:03.01.19 19:00:53.363  Source :1 Destination :15 API :1 Opcode:2 Payload:01-22
SWM: Date/Time:03.01.19 19:00:53.383  Source :1 Destination :15 API :10 Opcode:4 Payload:0A-24-00-00-25-5A-34-66-48-42-33-99-71-42-E7-32-8D-42-E3-32-A0-42-B0-FF-B4-42
SWM: Date/Time:03.01.19 19:00:53.393  Source :1 Destination :15 API :10 Opcode:4 Payload:0A-24-FF-FF-A6
SWM: Date/Time:03.01.19 19:00:54.373  Source :1 Destination :15 API :10 Opcode:4 Payload:0A-24-00-00-26-5A-30-66-4C-42-2F-99-75-42-E5-32-8F-42-E1-32-A2-42-AE-FF-B6-42
SWM: Date/Time:03.01.19 19:00:54.383  Source :1 Destination :15 API :10 Opcode:4 Payload:0A-24-FF-FF-A7
SWM: Date/Time:03.01.19 19:00:55.351  Source :1 Destination :15 API :4 Opcode:15 Payload:04-2F-22-0B-00-00
SWM: Date/Time:03.01.19 19:00:55.361  Source :1 Destination :15 API :10 Opcode:4 Payload:0A-24-00-00-27-5A-2C-66-50-42-2B-99-79-42-E3-32-91-42-DF-32-A4-42-AC-FF-B8-42
SWM: Date/Time:03.01.19 19:00:55.381  Source :1 Destination :15 API :10 Opcode:4 Payload:0A-24-FF-FF-A8
SWM: Date/Time:03.01.19 19:00:56.371  Source :1 Destination :15 API :10 Opcode:4 Payload:0A-24-00-00-28-5A-28-66-54-42-27-99-7D-42-E1-32-93-42-DD-32-A6-42-AA-FF-BA-42
SWM: Date/Time:03.01.19 19:00:56.391  Source :1 Destination :15 API :10 Opcode:4 Payload:0A-24-FF-FF-A9
SWM: Date/Time:03.01.19 19:00:57.352  Source :1 Destination :15 API :4 Opcode:15 Payload:04-2F-22-0B-00-00
SWM: Date/Time:03.01.19 19:00:57.382  Source :1 Destination :15 API :10 Opcode:4 Payload:0A-24-00-00-29-5A-24-66-58-42-92-CC-80-42-DF-32-95-42-DB-32-A8-42-A8-FF-BC-42
SWM: Date/Time:03.01.19 19:00:57.382  Source :1 Destination :15 API :10 Opcode:4 Payload:0A-24-FF-FF-4B
SWM: Date/Time:03.01.19 19:00:58.352  Source :1 Destination :15 API :1 Opcode:2 Payload:01-22
SWM: Date/Time:03.01.19 19:00:58.372  Source :1 Destination :15 API :10 Opcode:4 Payload:0A-24-00-00-2A-5A-20-66-5C-42-90-CC-82-42-DD-32-97-42-D9-32-AA-42-A6-FF-BE-42
SWM: Date/Time:03.01.19 19:00:58.392  Source :1 Destination :15 API :10 Opcode:4 Payload:0A-24-FF-FF-4C
SWM: Date/Time:03.01.19 19:00:59.362  Source :1 Destination :15 API :4 Opcode:15 Payload:04-2F-22-0B-00-00
SWM: Date/Time:03.01.19 19:00:59.382  Source :1 Destination :15 API :10 Opcode:4 Payload:0A-24-00-00-2B-5A-1C-66-60-42-8E-CC-84-42-DB-32-99-42-D7-32-AC-42-A4-FF-C0-42
SWM: Date/Time:03.01.19 19:00:59.392  Source :1 Destination :15 API :10 Opcode:4 Payload:0A-24-FF-FF-4D
SWM: Date/Time:03.01.19 19:01:00.422  Source :1 Destination :15 API :10 Opcode:4 Payload:0A-24-00-00-2C-5A-18-66-64-42-8C-CC-86-42-D9-32-9B-42-D5-32-AE-42-A2-FF-C2-42
SWM: Date/Time:03.01.19 19:01:00.422  Source :1 Destination :15 API :10 Opcode:4 Payload:0A-24-FF-FF-4E
SWM: Date/Time:03.01.19 19:01:01.362  Source :1 Destination :15 API :4 Opcode:15 Payload:04-2F-22-0B-00-00
SWM: Date/Time:03.01.19 19:01:01.382  Source :1 Destination :15 API :10 Opcode:4 Payload:0A-24-00-00-2D-5A-14-66-68-42-8A-CC-88-42-D7-32-9D-42-D3-32-B0-42-A0-FF-C4-42
SWM: Date/Time:03.01.19 19:01:01.392  Source :1 Destination :15 API :10 Opcode:4 Payload:0A-24-FF-FF-4F
SWM: Date/Time:03.01.19 19:01:02.372  Source :1 Destination :15 API :10 Opcode:4 Payload:0A-24-00-00-2E-5A-10-66-6C-42-88-CC-8A-42-D5-32-9F-42-D1-32-B2-42-9E-FF-C6-42
SWM: Date/Time:03.01.19 19:01:02.392  Source :1 Destination :15 API :10 Opcode:4 Payload:0A-24-FF-FF-50
SWM: Date/Time:03.01.19 19:01:03.362  Source :1 Destination :15 API :4 Opcode:15 Payload:04-2F-22-0B-00-00
SWM: Date/Time:03.01.19 19:01:03.382  Source :1 Destination :15 API :1 Opcode:2 Payload:01-22
SWM: Date/Time:03.01.19 19:01:03.392  Source :1 Destination :15 API :10 Opcode:4 Payload:0A-24-00-00-2F-5A-0C-66-70-42-86-CC-8C-42-D3-32-A1-42-CF-32-B4-42-9C-FF-C8-42
SWM: Date/Time:03.01.19 19:01:03.392  Source :1 Destination :15 API :10 Opcode:4 Payload:0A-24-FF-FF-51
SWM: Date/Time:03.01.19 19:01:04.402  Source :1 Destination :15 API :10 Opcode:4 Payload:0A-24-00-00-30-5A-08-66-74-42-84-CC-8E-42-D1-32-A3-42-CD-32-B6-42-9A-FF-CA-42
SWM: Date/Time:03.01.19 19:01:04.422  Source :1 Destination :15 API :10 Opcode:4 Payload:0A-24-FF-FF-52
SWM: Date/Time:03.01.19 19:01:05.362  Source :1 Destination :15 API :4 Opcode:15 Payload:04-2F-22-0B-00-00
SWM: Date/Time:03.01.19 19:01:05.382  Source :1 Destination :15 API :10 Opcode:4 Payload:0A-24-00-00-31-5A-04-66-78-42-82-CC-90-42-CF-32-A5-42-CB-32-B8-42-98-FF-CC-42
SWM: Date/Time:03.01.19 19:01:05.402  Source :1 Destination :15 API :10 Opcode:4 Payload:0A-24-FF-FF-53
SWM: Date/Time:03.01.19 19:01:06.372  Source :1 Destination :15 API :10 Opcode:4 Payload:0A-24-00-00-32-5A-00-66-7C-42-80-CC-92-42-CD-32-A7-42-C9-32-BA-42-96-FF-CE-42
SWM: Date/Time:03.01.19 19:01:06.402  Source :1 Destination :15 API :10 Opcode:4 Payload:0A-24-FF-FF-54
SWM: Date/Time:03.01.19 19:01:07.362  Source :1 Destination :15 API :4 Opcode:15 Payload:04-2F-22-0B-00-00
SWM: Date/Time:03.01.19 19:01:07.382  Source :1 Destination :15 API :10 Opcode:4 Payload:0A-24-00-00-33-5A-FE-32-80-42-7E-CC-94-42-CB-32-A9-42-C7-32-BC-42-94-FF-D0-42
SWM: Date/Time:03.01.19 19:01:07.402  Source :1 Destination :15 API :10 Opcode:4 Payload:0A-24-FF-FF-23
SWM: Date/Time:03.01.19 19:01:08.372  Source :1 Destination :15 API :1 Opcode:2 Payload:01-22
SWM: Date/Time:03.01.19 19:01:08.392  Source :1 Destination :15 API :10 Opcode:4 Payload:0A-24-00-00-34-5A-FC-32-82-42-7C-CC-96-42-C9-32-AB-42-C5-32-BE-42-92-FF-D2-42
SWM: Date/Time:03.01.19 19:01:08.402  Source :1 Destination :15 API :10 Opcode:4 Payload:0A-24-FF-FF-24
SWM: Date/Time:03.01.19 19:01:09.362  Source :1 Destination :15 API :4 Opcode:15 Payload:04-2F-22-0B-00-00
SWM: Date/Time:03.01.19 19:01:09.382  Source :1 Destination :15 API :10 Opcode:4 Payload:0A-24-00-00-35-5A-FA-32-84-42-7A-CC-98-42-C7-32-AD-42-C3-32-C0-42-90-FF-D4-42
SWM: Date/Time:03.01.19 19:01:09.402  Source :1 Destination :15 API :10 Opcode:4 Payload:0A-24-FF-FF-25
SWM: Date/Time:03.01.19 19:01:10.392  Source :1 Destination :15 API :10 Opcode:4 Payload:0A-24-00-00-36-5A-F8-32-86-42-78-CC-9A-42-C5-32-AF-42-C1-32-C2-42-8E-FF-D6-42
SWM: Date/Time:03.01.19 19:01:10.402  Source :1 Destination :15 API :10 Opcode:4 Payload:0A-24-FF-FF-26
SWM: Date/Time:03.01.19 19:01:11.382  Source :1 Destination :15 API :4 Opcode:15 Payload:04-2F-22-0B-00-00
SWM: Date/Time:03.01.19 19:01:11.402  Source :1 Destination :15 API :10 Opcode:4 Payload:0A-24-00-00-37-5A-F6-32-88-42-76-CC-9C-42-C3-32-B1-42-BF-32-C4-42-8C-FF-D8-42
SWM: Date/Time:03.01.19 19:01:11.402  Source :1 Destination :15 API :10 Opcode:4 Payload:0A-24-FF-FF-27
SWM: Date/Time:03.01.19 19:01:12.393  Source :1 Destination :15 API :10 Opcode:4 Payload:0A-24-00-00-38-5A-F4-32-8A-42-74-CC-9E-42-C1-32-B3-42-BD-32-C6-42-8A-FF-DA-42
SWM: Date/Time:03.01.19 19:01:12.403  Source :1 Destination :15 API :10 Opcode:4 Payload:0A-24-FF-FF-28
SWM: Date/Time:03.01.19 19:01:13.383  Source :1 Destination :15 API :4 Opcode:15 Payload:04-2F-22-0B-00-00
SWM: Date/Time:03.01.19 19:01:13.383  Source :1 Destination :15 API :1 Opcode:2 Payload:01-22
SWM: Date/Time:03.01.19 19:01:13.403  Source :1 Destination :15 API :10 Opcode:4 Payload:0A-24-00-00-39-5A-F2-32-8C-42-72-CC-A0-42-BF-32-B5-42-BB-32-C8-42-88-FF-DC-42
SWM: Date/Time:03.01.19 19:01:13.413  Source :1 Destination :15 API :10 Opcode:4 Payload:0A-24-FF-FF-29
SWM: Date/Time:03.01.19 19:01:14.393  Source :1 Destination :15 API :10 Opcode:4 Payload:0A-24-00-00-3A-5A-F0-32-8E-42-70-CC-A2-42-BD-32-B7-42-B9-32-CA-42-86-FF-DE-42
SWM: Date/Time:03.01.19 19:01:14.403  Source :1 Destination :15 API :10 Opcode:4 Payload:0A-24-FF-FF-2A
SWM: Date/Time:03.01.19 19:01:15.383  Source :1 Destination :15 API :4 Opcode:15 Payload:04-2F-22-0B-00-00
SWM: Date/Time:03.01.19 19:01:15.403  Source :1 Destination :15 API :10 Opcode:4 Payload:0A-24-00-00-3B-5A-EE-32-90-42-6E-CC-A4-42-BB-32-B9-42-B7-32-CC-42-84-FF-E0-42
SWM: Date/Time:03.01.19 19:01:15.413  Source :1 Destination :15 API :10 Opcode:4 Payload:0A-24-FF-FF-2B
SWM: Date/Time:03.01.19 19:01:16.393  Source :1 Destination :15 API :10 Opcode:4 Payload:0A-24-00-00-3C-5A-EC-32-92-42-6C-CC-A6-42-B9-32-BB-42-B5-32-CE-42-82-FF-E2-42
SWM: Date/Time:03.01.19 19:01:16.403  Source :1 Destination :15 API :10 Opcode:4 Payload:0A-24-FF-FF-2C
SWM: Date/Time:03.01.19 19:01:17.383  Source :1 Destination :15 API :4 Opcode:15 Payload:04-2F-22-0B-00-00
SWM: Date/Time:03.01.19 19:01:17.403  Source :1 Destination :15 API :10 Opcode:4 Payload:0A-24-00-00-3D-5A-EA-32-94-42-6A-CC-A8-42-B7-32-BD-42-B3-32-D0-42-80-FF-E4-42
SWM: Date/Time:03.01.19 19:01:17.413  Source :1 Destination :15 API :10 Opcode:4 Payload:0A-24-FF-FF-2D
SWM: Date/Time:03.01.19 19:01:18.423  Source :1 Destination :15 API :1 Opcode:2 Payload:01-22
SWM: Date/Time:03.01.19 19:01:18.443  Source :1 Destination :15 API :10 Opcode:4 Payload:0A-24-00-00-3E-5A-E8-32-96-42-68-CC-AA-42-B5-32-BF-42-B1-32-D2-42-7E-FF-E6-42
SWM: Date/Time:03.01.19 19:01:18.453  Source :1 Destination :15 API :10 Opcode:4 Payload:0A-24-FF-FF-2E
SWM: Date/Time:03.01.19 19:01:19.383  Source :1 Destination :15 API :4 Opcode:15 Payload:04-2F-22-0B-00-00
SWM: Date/Time:03.01.19 19:01:19.403  Source :1 Destination :15 API :10 Opcode:4 Payload:0A-24-00-00-3F-5A-E6-32-98-42-66-CC-AC-42-B3-32-C1-42-AF-32-D4-42-7C-FF-E8-42
SWM: Date/Time:03.01.19 19:01:19.413  Source :1 Destination :15 API :10 Opcode:4 Payload:0A-24-FF-FF-2F
SWM: Date/Time:03.01.19 19:01:20.393  Source :1 Destination :15 API :10 Opcode:4 Payload:0A-24-00-00-40-5A-E4-32-9A-42-64-CC-AE-42-B1-32-C3-42-AD-32-D6-42-7A-FF-EA-42
SWM: Date/Time:03.01.19 19:01:20.413  Source :1 Destination :15 API :10 Opcode:4 Payload:0A-24-FF-FF-30
SWM: Date/Time:03.01.19 19:01:21.388  Source :1 Destination :15 API :4 Opcode:15 Payload:04-2F-22-0B-00-00
SWM: Date/Time:03.01.19 19:01:21.398  Source :1 Destination :15 API :10 Opcode:4 Payload:0A-24-00-00-41-5A-E2-32-9C-42-62-CC-B0-42-AF-32-C5-42-AB-32-D8-42-78-FF-EC-42
SWM: Date/Time:03.01.19 19:01:21.418  Source :1 Destination :15 API :10 Opcode:4 Payload:0A-24-FF-FF-31
SWM: Date/Time:03.01.19 19:01:22.408  Source :1 Destination :15 API :10 Opcode:4 Payload:0A-24-00-00-42-5A-E0-32-9E-42-60-CC-B2-42-AD-32-C7-42-A9-32-DA-42-76-FF-EE-42
SWM: Date/Time:03.01.19 19:01:22.428  Source :1 Destination :15 API :10 Opcode:4 Payload:0A-24-FF-FF-32
SWM: Date/Time:03.01.19 19:01:23.388  Source :1 Destination :15 API :4 Opcode:15 Payload:04-2F-22-0B-00-00
SWM: Date/Time:03.01.19 19:01:23.398  Source :1 Destination :15 API :1 Opcode:2 Payload:01-22
SWM: Date/Time:03.01.19 19:01:23.418  Source :1 Destination :15 API :10 Opcode:4 Payload:0A-24-00-00-43-5A-DE-32-A0-42-5E-CC-B4-42-AB-32-C9-42-A7-32-DC-42-74-FF-F0-42
SWM: Date/Time:03.01.19 19:01:23.438  Source :1 Destination :15 API :10 Opcode:4 Payload:0A-24-FF-FF-33
SWM: Date/Time:03.01.19 19:01:24.408  Source :1 Destination :15 API :10 Opcode:4 Payload:0A-24-00-00-44-5A-DC-32-A2-42-5C-CC-B6-42-A9-32-CB-42-A5-32-DE-42-72-FF-F2-42
SWM: Date/Time:03.01.19 19:01:24.428  Source :1 Destination :15 API :10 Opcode:4 Payload:0A-24-FF-FF-34
SWM: Date/Time:03.01.19 19:01:25.388  Source :1 Destination :15 API :4 Opcode:15 Payload:04-2F-22-0B-00-00
SWM: Date/Time:03.01.19 19:01:25.418  Source :1 Destination :15 API :10 Opcode:4 Payload:0A-24-00-00-45-5A-DA-32-A4-42-5A-CC-B8-42-A7-32-CD-42-A3-32-E0-42-70-FF-F4-42
SWM: Date/Time:03.01.19 19:01:25.418  Source :1 Destination :15 API :10 Opcode:4 Payload:0A-24-FF-FF-35
SWM: Date/Time:03.01.19 19:01:26.408  Source :1 Destination :15 API :10 Opcode:4 Payload:0A-24-00-00-46-5A-D8-32-A6-42-58-CC-BA-42-A5-32-CF-42-A1-32-E2-42-6E-FF-F6-42
SWM: Date/Time:03.01.19 19:01:26.428  Source :1 Destination :15 API :10 Opcode:4 Payload:0A-24-FF-FF-36
SWM: Date/Time:03.01.19 19:01:27.398  Source :1 Destination :15 API :4 Opcode:15 Payload:04-2F-22-0B-00-00
SWM: Date/Time:03.01.19 19:01:27.418  Source :1 Destination :15 API :10 Opcode:4 Payload:0A-24-00-00-47-5A-D6-32-A8-42-56-CC-BC-42-A3-32-D1-42-9F-32-E4-42-6C-FF-F8-42
SWM: Date/Time:03.01.19 19:01:27.418  Source :1 Destination :15 API :10 Opcode:4 Payload:0A-24-FF-FF-37
SWM: Date/Time:03.01.19 19:01:28.398  Source :1 Destination :15 API :1 Opcode:2 Payload:01-22
SWM: Date/Time:03.01.19 19:01:28.408  Source :1 Destination :15 API :10 Opcode:4 Payload:0A-24-00-00-48-5A-D4-32-AA-42-54-CC-BE-42-A1-32-D3-42-9D-32-E6-42-6A-FF-FA-42
SWM: Date/Time:03.01.19 19:01:28.428  Source :1 Destination :15 API :10 Opcode:4 Payload:0A-24-FF-FF-38
SWM: Date/Time:03.01.19 19:01:29.400  Source :1 Destination :15 API :4 Opcode:15 Payload:04-2F-22-0B-00-00
SWM: Date/Time:03.01.19 19:01:29.420  Source :1 Destination :15 API :10 Opcode:4 Payload:0A-24-00-00-49-5A-D2-32-AC-42-52-CC-C0-42-9F-32-D5-42-9B-32-E8-42-68-FF-FC-42
SWM: Date/Time:03.01.19 19:01:29.430  Source :1 Destination :15 API :10 Opcode:4 Payload:0A-24-FF-FF-39
SWM: Date/Time:03.01.19 19:01:30.410  Source :1 Destination :15 API :10 Opcode:4 Payload:0A-24-00-00-4A-5A-D0-32-AE-42-50-CC-C2-42-9D-32-D7-42-99-32-EA-42-66-FF-FE-42
SWM: Date/Time:03.01.19 19:01:30.430  Source :1 Destination :15 API :10 Opcode:4 Payload:0A-24-FF-FF-3A
